data:
| 1 1 2 |
| 1 2 2 |
| 3 1 0 |


M9: 
| 1 1 2 |
| 1 2 2 |
| 3 1 0 |


Hermite:
| 3 1 0 |
| 0 5/3 2 |
| 0 0 6/5 |


Hermite:
| 3 1 0 |
| 0 5/3 2 |
| 0 0 6/5 |


det = 6
det = 6
inv:
| 1/3 -1/3 1/3 |
| -1 1 0 |
| 5/6 -1/3 -1/6 |


inv:
| 1/3 -1/3 1/3 |
| -1 1 0 |
| 5/6 -1/3 -1/6 |


rank:
3
rank:
3
T:
| 1 1 3 |
| 1 2 1 |
| 2 2 0 |



data:
| 1 1 2 |
| 1 2 2 |
| 3 1 0 |


M9:
| 1 1 2 |
| 1 2 2 |
| 3 1 0 |


Hermite:
| 3 1 0 |
| 0 1.66667 2 |
| 0 0 1.2 |


Hermite:
| 3 1 0 |
| 0 1.66667 2 |
| 0 0 1.2 |


det = 6
det = 6
inv:
| 0.333333 -0.333333 0.333333 |
| -1 1 0 |
| 0.833333 -0.333333 -0.166667 |


inv:
| 0.333333 -0.333333 0.333333 |
| -1 1 0 |
| 0.833333 -0.333333 -0.166667 |


rank:
3
rank:
3
T:
| 1 1 3 |
| 1 2 1 |
| 2 2 0 |